[Tue Apr  7 18:59:04 CST 2026] 🔄 开始重启流程 (mode=prod, dir=/Users/helwd/opt/helwd/qq)
[Tue Apr  7 18:59:06 CST 2026] 🔨 重新编译...
[Tue Apr  7 18:59:07 CST 2026] 🚀 启动新 prod 进程...
[Tue Apr  7 18:59:10 CST 2026] ✅ 重启成功！新进程 PID=25586
[Tue Apr  7 18:59:40 CST 2026] 🔄 开始重启流程 (mode=prod, dir=/Users/helwd/opt/helwd/qq)
[Tue Apr  7 18:59:42 CST 2026] 🛑 杀掉旧 prod 进程: PID=25586
[Tue Apr  7 18:59:43 CST 2026] 🔨 重新编译...
[Tue Apr  7 18:59:43 CST 2026] 🚀 启动新 prod 进程...
[Tue Apr  7 18:59:46 CST 2026] ✅ 重启成功！新进程 PID=25653
[Tue Apr  7 19:01:23 CST 2026] 🔄 开始重启流程 (mode=dev, dir=/Users/helwd/opt/helwd/qq)
[Tue Apr  7 19:01:25 CST 2026] 🛑 正在停止所有 Bot 进程...
[Tue Apr  7 19:01:26 CST 2026] 🚀 启动 dev 进程 (task dev)...
[Tue Apr  7 19:01:29 CST 2026] ✅ 重启成功！新进程 PID=26664 (mode=dev)
[Tue Apr  7 19:04:20 CST 2026] 🔄 开始重启流程 (mode=dev, dir=/Users/helwd/opt/helwd/qq)
[Tue Apr  7 19:04:20 CST 2026] 🔄 开始重启流程 (mode=dev, dir=/Users/helwd/opt/helwd/qq)
[Tue Apr  7 19:04:20 CST 2026] 🔄 开始重启流程 (mode=dev, dir=/Users/helwd/opt/helwd/qq)
[Tue Apr  7 19:04:22 CST 2026] 🛑 正在停止所有 Bot 进程...
[Tue Apr  7 19:04:22 CST 2026] 🛑 正在停止所有 Bot 进程...
[Tue Apr  7 19:04:22 CST 2026]   杀 task dev: 28547
29212
[Tue Apr  7 19:04:22 CST 2026]   杀 task dev: 28547
29213
[Tue Apr  7 19:04:22 CST 2026]   杀 go run main.go dev: 28548
29252
[Tue Apr  7 19:04:22 CST 2026]   杀 go run main.go dev: 28548
29253
[Tue Apr  7 19:04:22 CST 2026] 🛑 正在停止所有 Bot 进程...
[Tue Apr  7 19:04:22 CST 2026]   杀 bin/qbot: 29294
[Tue Apr  7 19:04:22 CST 2026]   杀 bin/qbot: 29295
[Tue Apr  7 19:04:23 CST 2026] ⚠️ 强杀残留进程: 29409
[Tue Apr  7 19:04:23 CST 2026] ⚠️ 强杀残留进程: 29408
[Tue Apr  7 19:04:23 CST 2026] 🚀 启动 dev 进程 (task dev)...
[Tue Apr  7 19:04:24 CST 2026] 🚀 启动 dev 进程 (task dev)...
[Tue Apr  7 19:04:24 CST 2026] 🚀 启动 dev 进程 (task dev)...
[Tue Apr  7 19:04:26 CST 2026] ✅ 重启成功！新进程 PID=29453 (mode=dev)
[Tue Apr  7 19:04:27 CST 2026] ✅ 重启成功！新进程 PID=29466 (mode=dev)
[Tue Apr  7 19:04:27 CST 2026] ✅ 重启成功！新进程 PID=29467 (mode=dev)
[Tue Apr  7 19:10:50 CST 2026] 🔄 开始重启流程 (mode=dev, dir=/Users/helwd/opt/helwd/qq)
[Tue Apr  7 19:10:52 CST 2026] 🛑 正在停止所有 Bot 进程...
[Tue Apr  7 19:10:52 CST 2026]   杀连接3001端口的进程: PID=32553 (/var/folders/dk/4g4_lg_d6vs251kr0nh5r65h0000gn/T/go-build2653433828/b001/exe/main)
[Tue Apr  7 19:10:52 CST 2026]   杀连接3001端口的进程: PID=71279 (/Applications/Docker.app/Contents/MacOS/com.docker.backend)
[Tue Apr  7 19:10:53 CST 2026] ⚠️ 强杀端口3001残留: PID=71279 (/Applications/Docker.app/Contents/MacOS/com.docker.backend)
[Tue Apr  7 19:10:54 CST 2026] 🚀 启动 dev 进程 (task dev)...
[Tue Apr  7 19:10:57 CST 2026] ✅ 重启成功！新进程 PID=33010 (mode=dev)
[2026-04-07 19:17:46] 🔄 开始重启流程 (mode=dev, dir=/Users/helwd/opt/helwd/qq)
[2026-04-07 19:17:48] 🛑 正在停止所有 Bot 进程...
[2026-04-07 19:17:48]    未找到正在运行的 Bot 进程
[2026-04-07 19:17:48] 🚀 启动 dev 进程 (/Users/helwd/go/bin/task dev)...
[2026-04-07 19:17:51] ✅ 重启成功！新进程 PID=35860 (mode=dev)
[2026-04-07 19:21:35] 🔄 开始重启流程 (mode=dev, dir=/Users/helwd/opt/helwd/qq)
[2026-04-07 19:21:37] 🛑 正在停止所有 Bot 进程...
[2026-04-07 19:21:37]    找到进程: [37818, 37819]
[2026-04-07 19:21:38] 🚀 启动 dev 进程 (/Users/helwd/go/bin/task dev)...
[2026-04-07 19:21:41] ✅ 重启成功！新进程 PID=37921 (mode=dev)
[2026-04-07 19:24:35] 🔄 开始重启流程 (mode=dev, dir=/Users/helwd/opt/helwd/qq)
[2026-04-07 19:24:37] 🛑 正在停止所有 Bot 进程...
[2026-04-07 19:24:37]    找到进程: [38923, 38924]
[2026-04-07 19:24:38] 🚀 启动 dev 进程 (/Users/helwd/go/bin/task dev)...
[2026-04-07 19:24:41] ✅ 重启成功！新进程 PID=39017 (mode=dev)
